# JRE version: Java(TM) SE Runtime Environment (8.0_131-b11) (build 1.8.0_131-b11)
# Java VM: Java HotSpot(TM) 64-Bit Server VM (25.131-b11 mixed mode windows-amd64 compressed oops)
Heap:
 PSYoungGen      total 190976K, used 114170K [0x00000000eab00000, 0x00000000fbf80000, 0x0000000100000000)
  eden space 182272K, 57% used [0x00000000eab00000,0x00000000f120b308,0x00000000f5d00000)
  from space 8704K, 99% used [0x00000000fb700000,0x00000000fbf73548,0x00000000fbf80000)
  to   space 25088K, 0% used [0x00000000f8e80000,0x00000000f8e80000,0x00000000fa700000)
 ParOldGen       total 303616K, used 29126K [0x00000000c0000000, 0x00000000d2880000, 0x00000000eab00000)
  object space 303616K, 9% used [0x00000000c0000000,0x00000000c1c71bb8,0x00000000d2880000)
 Metaspace       used 41875K, capacity 42962K, committed 43096K, reserved 1085440K
  class space    used 5866K, capacity 6167K, committed 6272K, reserved 1048576K
GC Heap History (10 events):
Event: 671.607 GC heap before
{Heap before GC invocations=8 (full 2):
 PSYoungGen      total 222208K, used 221016K [0x00000000eab00000, 0x00000000feb80000, 0x0000000100000000)
  eden space 200704K, 100% used [0x00000000eab00000,0x00000000f6f00000,0x00000000f6f00000)
  from space 21504K, 94% used [0x00000000f6f00000,0x00000000f82d60f0,0x00000000f8400000)
  to   space 21504K, 0% used [0x00000000fd680000,0x00000000fd680000,0x00000000feb80000)
 ParOldGen       total 303616K, used 20006K [0x00000000c0000000, 0x00000000d2880000, 0x00000000eab00000)
  object space 303616K, 6% used [0x00000000c0000000,0x00000000c1389b08,0x00000000d2880000)
 Metaspace       used 41737K, capacity 42898K, committed 43096K, reserved 1085440K
  class space    used 5866K, capacity 6167K, committed 6272K, reserved 1048576K
Event: 671.624 GC heap after
Heap after GC invocations=8 (full 2):
 PSYoungGen      total 217088K, used 20131K [0x00000000eab00000, 0x00000000fea80000, 0x0000000100000000)
  eden space 196608K, 0% used [0x00000000eab00000,0x00000000eab00000,0x00000000f6b00000)
  from space 20480K, 98% used [0x00000000fd680000,0x00000000fea28cc8,0x00000000fea80000)
  to   space 24064K, 0% used [0x00000000fbb80000,0x00000000fbb80000,0x00000000fd300000)
 ParOldGen       total 303616K, used 20014K [0x00000000c0000000, 0x00000000d2880000, 0x00000000eab00000)
  object space 303616K, 6% used [0x00000000c0000000,0x00000000c138bb08,0x00000000d2880000)
 Metaspace       used 41737K, capacity 42898K, committed 43096K, reserved 1085440K
  class space    used 5866K, capacity 6167K, committed 6272K, reserved 1048576K
}
Event: 2151.606 GC heap before
{Heap before GC invocations=9 (full 2):
 PSYoungGen      total 217088K, used 216739K [0x00000000eab00000, 0x00000000fea80000, 0x0000000100000000)
  eden space 196608K, 100% used [0x00000000eab00000,0x00000000f6b00000,0x00000000f6b00000)
  from space 20480K, 98% used [0x00000000fd680000,0x00000000fea28cc8,0x00000000fea80000)
  to   space 24064K, 0% used [0x00000000fbb80000,0x00000000fbb80000,0x00000000fd300000)
 ParOldGen       total 303616K, used 20014K [0x00000000c0000000, 0x00000000d2880000, 0x00000000eab00000)
  object space 303616K, 6% used [0x00000000c0000000,0x00000000c138bb08,0x00000000d2880000)
 Metaspace       used 41856K, capacity 42962K, committed 43096K, reserved 1085440K
  class space    used 5866K, capacity 6167K, committed 6272K, reserved 1048576K
Event: 2151.615 GC heap after
Heap after GC invocations=9 (full 2):
 PSYoungGen      total 212992K, used 19645K [0x00000000eab00000, 0x00000000fd700000, 0x0000000100000000)
  eden space 193024K, 0% used [0x00000000eab00000,0x00000000eab00000,0x00000000f6780000)
  from space 19968K, 98% used [0x00000000fbb80000,0x00000000fceaf558,0x00000000fcf00000)
  to   space 8192K, 0% used [0x00000000fcf00000,0x00000000fcf00000,0x00000000fd700000)
 ParOldGen       total 303616K, used 20022K [0x00000000c0000000, 0x00000000d2880000, 0x00000000eab00000)
  object space 303616K, 6% used [0x00000000c0000000,0x00000000c138db08,0x00000000d2880000)
 Metaspace       used 41856K, capacity 42962K, committed 43096K, reserved 1085440K
  class space    used 5866K, capacity 6167K, committed 6272K, reserved 1048576K
}
Event: 3611.610 GC heap before
{Heap before GC invocations=10 (full 2):
 PSYoungGen      total 212992K, used 212669K [0x00000000eab00000, 0x00000000fd700000, 0x0000000100000000)
  eden space 193024K, 100% used [0x00000000eab00000,0x00000000f6780000,0x00000000f6780000)
  from space 19968K, 98% used [0x00000000fbb80000,0x00000000fceaf558,0x00000000fcf00000)
  to   space 8192K, 0% used [0x00000000fcf00000,0x00000000fcf00000,0x00000000fd700000)
 ParOldGen       total 303616K, used 20022K [0x00000000c0000000, 0x00000000d2880000, 0x00000000eab00000)
  object space 303616K, 6% used [0x00000000c0000000,0x00000000c138db08,0x00000000d2880000)
 Metaspace       used 41861K, capacity 42962K, committed 43096K, reserved 1085440K
  class space    used 5866K, capacity 6167K, committed 6272K, reserved 1048576K
Event: 3611.631 GC heap after
Heap after GC invocations=10 (full 2):
 PSYoungGen      total 197632K, used 8189K [0x00000000eab00000, 0x00000000fd700000, 0x0000000100000000)
  eden space 189440K, 0% used [0x00000000eab00000,0x00000000eab00000,0x00000000f6400000)
  from space 8192K, 99% used [0x00000000fcf00000,0x00000000fd6ff558,0x00000000fd700000)
  to   space 24576K, 0% used [0x00000000fa700000,0x00000000fa700000,0x00000000fbf00000)
 ParOldGen       total 303616K, used 29126K [0x00000000c0000000, 0x00000000d2880000, 0x00000000eab00000)
  object space 303616K, 9% used [0x00000000c0000000,0x00000000c1c71bb8,0x00000000d2880000)
 Metaspace       used 41861K, capacity 42962K, committed 43096K, reserved 1085440K
  class space    used 5866K, capacity 6167K, committed 6272K, reserved 1048576K
}
Event: 5050.677 GC heap before
{Heap before GC invocations=11 (full 2):
 PSYoungGen      total 197632K, used 197629K [0x00000000eab00000, 0x00000000fd700000, 0x0000000100000000)
  eden space 189440K, 100% used [0x00000000eab00000,0x00000000f6400000,0x00000000f6400000)
  from space 8192K, 99% used [0x00000000fcf00000,0x00000000fd6ff558,0x00000000fd700000)
  to   space 24576K, 0% used [0x00000000fa700000,0x00000000fa700000,0x00000000fbf00000)
 ParOldGen       total 303616K, used 29126K [0x00000000c0000000, 0x00000000d2880000, 0x00000000eab00000)
  object space 303616K, 9% used [0x00000000c0000000,0x00000000c1c71bb8,0x00000000d2880000)
 Metaspace       used 41868K, capacity 42962K, committed 43096K, reserved 1085440K
  class space    used 5866K, capacity 6167K, committed 6272K, reserved 1048576K
Event: 5050.682 GC heap after
Heap after GC invocations=11 (full 2):
 PSYoungGen      total 194560K, used 8397K [0x00000000eab00000, 0x00000000fcf80000, 0x0000000100000000)
  eden space 185856K, 0% used [0x00000000eab00000,0x00000000eab00000,0x00000000f6080000)
  from space 8704K, 96% used [0x00000000fa700000,0x00000000faf33548,0x00000000faf80000)
  to   space 25088K, 0% used [0x00000000fb700000,0x00000000fb700000,0x00000000fcf80000)
 ParOldGen       total 303616K, used 29126K [0x00000000c0000000, 0x00000000d2880000, 0x00000000eab00000)
  object space 303616K, 9% used [0x00000000c0000000,0x00000000c1c71bb8,0x00000000d2880000)
 Metaspace       used 41868K, capacity 42962K, committed 43096K, reserved 1085440K
  class space    used 5866K, capacity 6167K, committed 6272K, reserved 1048576K
}
Event: 6461.606 GC heap before
{Heap before GC invocations=12 (full 2):
 PSYoungGen      total 194560K, used 194253K [0x00000000eab00000, 0x00000000fcf80000, 0x0000000100000000)
  eden space 185856K, 100% used [0x00000000eab00000,0x00000000f6080000,0x00000000f6080000)
  from space 8704K, 96% used [0x00000000fa700000,0x00000000faf33548,0x00000000faf80000)
  to   space 25088K, 0% used [0x00000000fb700000,0x00000000fb700000,0x00000000fcf80000)
 ParOldGen       total 303616K, used 29126K [0x00000000c0000000, 0x00000000d2880000, 0x00000000eab00000)
  object space 303616K, 9% used [0x00000000c0000000,0x00000000c1c71bb8,0x00000000d2880000)
 Metaspace       used 41875K, capacity 42962K, committed 43096K, reserved 1085440K
  class space    used 5866K, capacity 6167K, committed 6272K, reserved 1048576K
Event: 6461.612 GC heap after
Heap after GC invocations=12 (full 2):
 PSYoungGen      total 190976K, used 8653K [0x00000000eab00000, 0x00000000fbf80000, 0x0000000100000000)
  eden space 182272K, 0% used [0x00000000eab00000,0x00000000eab00000,0x00000000f5d00000)
  from space 8704K, 99% used [0x00000000fb700000,0x00000000fbf73548,0x00000000fbf80000)
  to   space 25088K, 0% used [0x00000000f8e80000,0x00000000f8e80000,0x00000000fa700000)
 ParOldGen       total 303616K, used 29126K [0x00000000c0000000, 0x00000000d2880000, 0x00000000eab00000)
  object space 303616K, 9% used [0x00000000c0000000,0x00000000c1c71bb8,0x00000000d2880000)
 Metaspace       used 41875K, capacity 42962K, committed 43096K, reserved 1085440K
  class space    used 5866K, capacity 6167K, committed 6272K, reserved 1048576K
}

